<?xml version="1.0" encoding="UTF-8"?>
<!-- Generated by org.testng.reporters.JUnitReportReporter -->
<testsuite skipped="0" hostname="DESKTOP-R9N4P43" name="testCases.eBay_Test" tests="1" failures="0" timestamp="23 jun 2019 18:47:16 GMT" time="15.233" errors="0">
  <testcase name="firstTest" time="15.233" classname="testCases.eBay_Test"/>
</testsuite> <!-- testCases.eBay_Test -->
