<?xml version="1.0" encoding="UTF-8"?>
<!-- Generated by org.testng.reporters.JUnitReportReporter -->
<testsuite skipped="0" hostname="DESKTOP-R9N4P43" name="testCases.Home_Test" tests="1" failures="0" timestamp="22 jun 2019 22:58:52 GMT" time="24.512" errors="0">
  <testcase name="firstTest" time="24.512" classname="testCases.Home_Test"/>
</testsuite> <!-- testCases.Home_Test -->
